0 info it worked if it ends with ok
1 verbose cli [ '/usr/local/bin/node',
1 verbose cli   '/usr/local/bin/npm',
1 verbose cli   'install',
1 verbose cli   'defiant' ]
2 info using npm@2.11.3
3 info using node@v0.12.7
4 verbose install initial load of /Users/vmasrani/dev/D3/sapdash/package.json
5 verbose installManyTop reading scoped package data from /Users/vmasrani/dev/D3/sapdash/node_modules/bootstrap-multiselect/package.json
6 verbose installManyTop reading scoped package data from /Users/vmasrani/dev/D3/sapdash/node_modules/bootstrap-slider/package.json
7 verbose installManyTop reading scoped package data from /Users/vmasrani/dev/D3/sapdash/node_modules/chosen/package.json
8 verbose installManyTop reading scoped package data from /Users/vmasrani/dev/D3/sapdash/node_modules/react-rubaxa-sortable/package.json
9 info package.json react-rubaxa-sortable@0.1.2 No license field.
10 info package.json bootstrap-multiselect@0.9.13 license should be a valid SPDX license expression
11 verbose readDependencies loading dependencies from /Users/vmasrani/dev/D3/sapdash/package.json
12 silly cache add args [ 'defiant', null ]
13 verbose cache add spec defiant
14 silly cache add parsed spec { raw: 'defiant',
14 silly cache add   scope: null,
14 silly cache add   name: 'defiant',
14 silly cache add   rawSpec: '',
14 silly cache add   spec: '*',
14 silly cache add   type: 'range' }
15 silly addNamed defiant@*
16 verbose addNamed "*" is a valid semver range for defiant
17 silly addNameRange { name: 'defiant', range: '*', hasData: false }
18 silly mapToRegistry name defiant
19 silly mapToRegistry using default registry
20 silly mapToRegistry registry https://registry.npmjs.org/
21 silly mapToRegistry uri https://registry.npmjs.org/defiant
22 verbose addNameRange registry:https://registry.npmjs.org/defiant not in flight; fetching
23 verbose request uri https://registry.npmjs.org/defiant
24 verbose request no auth needed
25 info attempt registry request try #1 at 7:57:18 PM
26 verbose request id 7791710c0f76388b
27 http request GET https://registry.npmjs.org/defiant
28 http 404 https://registry.npmjs.org/defiant
29 verbose headers { 'content-type': 'application/json',
29 verbose headers   'cache-control': 'max-age=0',
29 verbose headers   'content-length': '2',
29 verbose headers   'accept-ranges': 'bytes',
29 verbose headers   date: 'Sun, 06 Dec 2015 03:57:19 GMT',
29 verbose headers   via: '1.1 varnish',
29 verbose headers   age: '0',
29 verbose headers   connection: 'keep-alive',
29 verbose headers   'x-served-by': 'cache-lax1426-LAX',
29 verbose headers   'x-cache': 'MISS',
29 verbose headers   'x-cache-hits': '0',
29 verbose headers   'x-timer': 'S1449374238.801665,VS0,VE310' }
30 silly get cb [ 404,
30 silly get   { 'content-type': 'application/json',
30 silly get     'cache-control': 'max-age=0',
30 silly get     'content-length': '2',
30 silly get     'accept-ranges': 'bytes',
30 silly get     date: 'Sun, 06 Dec 2015 03:57:19 GMT',
30 silly get     via: '1.1 varnish',
30 silly get     age: '0',
30 silly get     connection: 'keep-alive',
30 silly get     'x-served-by': 'cache-lax1426-LAX',
30 silly get     'x-cache': 'MISS',
30 silly get     'x-cache-hits': '0',
30 silly get     'x-timer': 'S1449374238.801665,VS0,VE310' } ]
31 verbose stack Error: Registry returned 404 for GET on https://registry.npmjs.org/defiant
31 verbose stack     at CachingRegistryClient.<anonymous> (/usr/local/lib/node_modules/npm/node_modules/npm-registry-client/lib/request.js:239:14)
31 verbose stack     at Request._callback (/usr/local/lib/node_modules/npm/node_modules/npm-registry-client/lib/request.js:170:14)
31 verbose stack     at Request.self.callback (/usr/local/lib/node_modules/npm/node_modules/request/request.js:354:22)
31 verbose stack     at Request.emit (events.js:110:17)
31 verbose stack     at Request.<anonymous> (/usr/local/lib/node_modules/npm/node_modules/request/request.js:1207:14)
31 verbose stack     at Request.emit (events.js:129:20)
31 verbose stack     at IncomingMessage.<anonymous> (/usr/local/lib/node_modules/npm/node_modules/request/request.js:1153:12)
31 verbose stack     at IncomingMessage.emit (events.js:129:20)
31 verbose stack     at _stream_readable.js:908:16
31 verbose stack     at process._tickCallback (node.js:355:11)
32 verbose statusCode 404
33 verbose pkgid defiant
34 verbose cwd /Users/vmasrani/dev/D3/sapdash
35 error Darwin 15.0.0
36 error argv "/usr/local/bin/node" "/usr/local/bin/npm" "install" "defiant"
37 error node v0.12.7
38 error npm  v2.11.3
39 error code E404
40 error 404 Registry returned 404 for GET on https://registry.npmjs.org/defiant
40 error 404
40 error 404 'defiant' is not in the npm registry.
40 error 404 You should bug the author to publish it (or use the name yourself!)
40 error 404
40 error 404 Note that you can also install from a
40 error 404 tarball, folder, http url, or git url.
41 verbose exit [ 1, true ]
